2023-11-06 22:31:39,119 - INFO - Training started.
2023-11-06 22:31:39,119 - INFO - Training started.
2023-11-06 22:31:39,703 - INFO - key=dat, Incorrect answer: "akk"
2023-11-06 22:31:39,894 - INFO - key=dat, Incorrect answer: "akk_dat"
2023-11-06 22:31:40,105 - INFO - key=akk, Incorrect answer: "akk_dat"
2023-11-06 22:31:40,327 - INFO - key=akk_dat, Incorrect answer: "dat"
2023-11-06 22:31:40,501 - INFO - key=akk_dat, Incorrect answer: "dat"
2023-11-06 22:31:43,831 - INFO - key=akk, Correct answer: "akk"
2023-11-06 22:31:44,116 - INFO - key=akk, Incorrect answer: "akk_dat"
2023-11-06 22:31:44,717 - INFO - key=akk_dat, Incorrect answer: "dat"
2023-11-06 22:31:44,999 - INFO - key=akk_dat, Correct answer: "akk_dat"
2023-11-06 22:31:45,331 - INFO - key=akk, Correct answer: "akk"
2023-11-06 22:31:45,776 - INFO - key=akk_dat, Correct answer: "akk_dat"
2023-11-06 22:31:45,933 - INFO - key=akk_dat, Correct answer: "akk_dat"
2023-11-06 22:31:46,242 - INFO - key=dat, Correct answer: "dat"
2023-11-06 22:31:46,564 - INFO - key=dat, Incorrect answer: "akk_dat"
2023-11-06 22:31:46,905 - INFO - key=akk_dat, Incorrect answer: "akk"
2023-11-06 22:31:47,206 - INFO - key=akk_dat, Correct answer: "akk_dat"
2023-11-06 22:31:47,576 - INFO - key=akk, Incorrect answer: "dat"
2023-11-06 22:31:47,875 - INFO - key=akk, Incorrect answer: "akk_dat"
2023-11-06 22:31:48,174 - INFO - key=dat, Incorrect answer: "akk"
2023-11-06 22:31:48,465 - INFO - key=akk, Incorrect answer: "akk_dat"
2023-11-06 22:31:48,765 - INFO - key=dat, Correct answer: "dat"
2023-11-06 22:31:49,000 - INFO - key=dat, Correct answer: "dat"
2023-11-06 22:31:49,224 - INFO - key=dat, Incorrect answer: "akk_dat"
2023-11-06 22:31:49,649 - INFO - key=dat, Incorrect answer: "akk"
2023-11-06 22:31:49,967 - INFO - key=akk, Incorrect answer: "dat"
2023-11-06 22:31:50,267 - INFO - key=akk, Incorrect answer: "akk_dat"
2023-11-06 22:31:50,564 - INFO - key=dat, Incorrect answer: "akk"
2023-11-06 22:31:50,833 - INFO - key=dat, Incorrect answer: "akk"
2023-11-06 22:31:51,050 - INFO - key=akk_dat, Correct answer: "akk_dat"
2023-11-06 22:31:51,443 - INFO - key=akk_dat, Incorrect answer: "dat"
2023-11-06 22:31:51,736 - INFO - key=akk, Incorrect answer: "akk_dat"
2023-11-06 22:31:51,977 - INFO - key=dat, Incorrect answer: "akk"
2023-11-06 22:31:53,104 - INFO - key=dat, Incorrect answer: "akk_dat"
2023-11-06 22:31:53,351 - INFO - key=akk_dat, Incorrect answer: "dat"
2023-11-06 22:31:53,963 - INFO - key=dat, Incorrect answer: "akk"
2023-11-06 22:31:54,285 - INFO - key=akk, Incorrect answer: "akk_dat"
2023-11-06 22:31:54,643 - INFO - key=akk, Incorrect answer: "dat"
2023-11-06 22:35:16,706 - INFO - Training started.
2023-11-06 22:35:16,706 - INFO - Training started.
2023-11-06 22:35:17,581 - INFO - key=akk, Correct answer: "akk"
2023-11-06 22:35:18,423 - INFO - key=dat, Incorrect answer: "akk_dat"
2023-11-06 22:35:19,293 - INFO - key=dat, Correct answer: "dat"
2023-11-06 22:35:20,009 - INFO - key=akk, Incorrect answer: "dat"
2023-11-06 22:35:20,713 - INFO - key=akk_dat, Incorrect answer: "akk"
2023-11-06 22:35:21,086 - INFO - key=dat, Incorrect answer: "akk_dat"
2023-11-06 22:35:21,433 - INFO - key=akk_dat, Incorrect answer: "dat"
2023-11-06 22:35:21,814 - INFO - key=dat, Incorrect answer: "akk_dat"
2023-11-06 22:35:22,206 - INFO - key=akk, Correct answer: "akk"
2023-11-06 22:35:22,549 - INFO - key=dat, Incorrect answer: "akk"
2023-11-06 22:35:23,025 - INFO - key=akk, Incorrect answer: "dat"
2023-11-06 22:35:23,343 - INFO - key=akk_dat, Correct answer: "akk_dat"
2023-11-06 22:35:23,686 - INFO - key=dat, Incorrect answer: "akk"
2023-11-06 22:35:24,005 - INFO - key=akk, Incorrect answer: "akk_dat"
2023-11-06 22:35:24,361 - INFO - key=dat, Correct answer: "dat"
2023-11-06 22:35:24,975 - INFO - key=dat, Incorrect answer: "akk_dat"
2023-11-06 22:35:25,177 - INFO - key=akk_dat, Correct answer: "akk_dat"
2023-11-06 22:35:25,351 - INFO - key=akk_dat, Correct answer: "akk_dat"
2023-11-06 22:35:25,515 - INFO - key=dat, Incorrect answer: "akk_dat"
2023-11-06 22:35:25,686 - INFO - key=dat, Incorrect answer: "akk_dat"
2023-11-06 22:35:25,820 - INFO - key=dat, Incorrect answer: "akk_dat"
2023-11-06 22:35:26,154 - INFO - key=akk, Correct answer: "akk"
2023-11-06 22:35:26,356 - INFO - key=dat, Incorrect answer: "akk"
2023-11-06 22:35:26,526 - INFO - key=dat, Incorrect answer: "akk"
2023-11-06 22:35:26,686 - INFO - key=akk, Correct answer: "akk"
2023-11-06 22:35:26,856 - INFO - key=akk_dat, Incorrect answer: "akk"
2023-11-06 22:35:26,996 - INFO - key=akk, Correct answer: "akk"
2023-11-06 22:35:27,145 - INFO - key=akk_dat, Incorrect answer: "akk"
2023-11-06 22:35:27,316 - INFO - key=akk_dat, Incorrect answer: "akk"
2023-11-06 22:35:27,472 - INFO - key=akk_dat, Incorrect answer: "akk"
2023-11-07 09:45:08,611 - INFO - Training started.
2023-11-07 09:45:08,612 - INFO - Training started.
2023-11-07 09:45:33,518 - INFO - key=dat, Incorrect answer: "akk"
2023-11-07 09:45:35,677 - INFO - key=dat, Incorrect answer: "akk_dat"
2023-11-07 09:45:37,515 - INFO - key=akk, Incorrect answer: "dat"
2023-11-07 09:45:38,636 - INFO - key=akk, Incorrect answer: "akk_dat"
2023-11-07 09:45:39,496 - INFO - key=dat, Incorrect answer: "akk"
2023-11-07 09:45:40,519 - INFO - key=akk, Incorrect answer: "akk_dat"
2023-11-07 09:45:53,309 - INFO - key=dat, Incorrect answer: "akk_dat"
2023-11-07 09:45:54,121 - INFO - key=akk_dat, Incorrect answer: "akk"
2023-11-07 09:45:55,051 - INFO - key=akk, Incorrect answer: "akk_dat"
2023-11-07 09:45:55,545 - INFO - key=akk, Incorrect answer: "dat"
2023-11-07 09:45:56,335 - INFO - key=dat, Incorrect answer: "akk_dat"
2023-11-07 09:45:56,946 - INFO - key=akk, Correct answer: "akk"
2023-11-07 09:46:16,241 - INFO - Training started.
2023-11-07 09:46:16,242 - INFO - Training started.
2023-11-07 09:52:08,188 - INFO - Training started.
2023-11-07 09:52:10,051 - INFO - key=akk_dat, Incorrect answer: "akk"
2023-11-07 09:52:10,631 - INFO - key=dat, Incorrect answer: "akk_dat"
2023-11-07 09:52:13,981 - INFO - Training started.
2023-11-07 09:54:54,968 - INFO - Training started.
2023-11-07 09:54:54,968 - INFO - Training started.
2023-11-07 09:54:55,521 - INFO - key=akk_dat, Incorrect answer: "akk"
2023-11-07 09:54:55,795 - INFO - key=dat, Incorrect answer: "akk_dat"
2023-11-07 09:54:56,083 - INFO - key=dat, Incorrect answer: "akk_dat"
2023-11-07 09:55:00,425 - INFO - key=dat, Incorrect answer: "akk"
2023-11-07 09:55:02,127 - INFO - key=dat, Incorrect answer: "akk"
2023-11-07 10:00:12,337 - INFO - Training started.
2023-11-07 10:00:12,337 - INFO - Training started.
2023-11-07 10:00:17,736 - INFO - key=dat, Incorrect answer: "akk"
2023-11-07 10:00:18,046 - INFO - key=akk_dat, Incorrect answer: "akk"
2023-11-07 10:01:14,835 - INFO - Training started.
2023-11-07 10:01:14,835 - INFO - Training started.
2023-11-07 10:01:15,394 - INFO - key=dat, Incorrect answer: "akk"
2023-11-07 10:01:17,183 - INFO - key=akk_dat, Incorrect answer: "akk"
2023-11-07 10:01:18,992 - INFO - key=dat, Incorrect answer: "akk"
2023-11-07 10:01:59,710 - INFO - Training started.
2023-11-07 10:01:59,710 - INFO - Training started.
2023-11-07 10:02:00,540 - INFO - key=dat, Incorrect answer: "akk"
2023-11-07 10:02:00,975 - INFO - key=dat, Incorrect answer: "akk"
2023-11-07 10:02:32,704 - INFO - key=akk, Correct answer: "akk"
2023-11-07 10:02:36,377 - INFO - key=akk_dat, Incorrect answer: "akk"
2023-11-07 10:02:37,849 - INFO - key=dat, Incorrect answer: "akk_dat"
2023-11-07 10:02:46,516 - INFO - key=akk, Correct answer: "akk"
2023-11-07 10:02:50,431 - INFO - key=dat, Incorrect answer: "akk"
2023-11-07 10:03:17,618 - INFO - key=dat, Incorrect answer: "akk"
2023-11-07 10:03:25,874 - INFO - key=akk, Incorrect answer: "akk_dat"
2023-11-07 10:05:32,769 - INFO - key=akk_dat, Correct answer: "akk_dat"
2023-11-07 10:05:42,438 - INFO - key=akk_dat, Correct answer: "akk_dat"
2023-11-07 10:05:49,784 - INFO - key=dat, Incorrect answer: "akk"
2023-11-07 10:05:58,486 - INFO - key=dat, Incorrect answer: "akk"
2023-11-07 10:09:23,542 - INFO - Training started.
2023-11-07 10:09:23,542 - INFO - Training started.
2023-11-07 10:09:25,710 - INFO - key=akk, Incorrect answer: "akk_dat"
2023-11-07 10:09:26,721 - INFO - key=akk_dat, Correct answer: "akk_dat"
2023-11-07 10:09:41,954 - INFO - key=akk_dat, Correct answer: "akk_dat"
2023-11-07 10:09:47,184 - INFO - key=akk_dat, Correct answer: "akk_dat"
2023-11-07 10:09:49,745 - INFO - key=akk_dat, Correct answer: "akk_dat"
2023-11-07 10:09:53,295 - INFO - key=dat, Incorrect answer: "akk"
2023-11-07 10:18:04,370 - INFO - Training started.
2023-11-07 10:18:04,370 - INFO - Training started.
2023-11-07 10:26:46,529 - INFO - Training started.
2023-11-07 10:26:46,530 - INFO - Training started.
2023-11-07 10:26:58,388 - INFO - key=dat, Correct answer: "dat"
2023-11-07 10:27:03,808 - INFO - key=dat, Correct answer: "dat"
2023-11-07 10:27:42,050 - INFO - Training started.
2023-11-07 10:27:42,051 - INFO - Training started.
2023-11-07 10:27:48,038 - INFO - key=akk_dat, Correct answer: "akk_dat"
2023-11-07 10:27:57,431 - INFO - key=dat, Correct answer: "dat"
2023-11-07 10:28:01,545 - INFO - key=akk_dat, Correct answer: "akk_dat"
2023-11-07 10:28:06,564 - INFO - key=dat, Correct answer: "dat"
2023-11-07 10:28:10,911 - INFO - key=akk_dat, Correct answer: "akk_dat"
2023-11-07 10:28:16,101 - INFO - key=akk_dat, Correct answer: "akk_dat"
2023-11-07 10:28:19,154 - INFO - key=dat, Correct answer: "dat"
2023-11-07 10:28:24,125 - INFO - key=akk_dat, Correct answer: "akk_dat"
2023-11-07 10:28:26,838 - INFO - key=dat, Correct answer: "dat"
2023-11-07 10:29:04,219 - INFO - key=akk_dat, Correct answer: "akk_dat"
2023-11-07 10:29:18,555 - INFO - key=akk, Correct answer: "akk"
2023-11-07 10:31:33,621 - INFO - Training started.
2023-11-07 10:31:33,622 - INFO - Training started.
2023-11-07 18:35:30,514 - INFO - Training started.
2023-11-07 18:35:30,515 - INFO - Training started.
2023-11-07 18:35:31,947 - INFO - key=akk, Incorrect answer: "dat"
2023-11-07 18:35:32,347 - INFO - key=akk, Incorrect answer: "akk_dat"
2023-11-07 18:35:33,057 - INFO - key=akk_dat, Incorrect answer: "akk"
2023-11-07 18:35:33,636 - INFO - key=akk, Incorrect answer: "akk_dat"
2023-11-07 18:35:34,059 - INFO - key=akk_dat, Incorrect answer: "dat"
2023-11-07 18:35:34,678 - INFO - key=dat, Incorrect answer: "akk_dat"
2023-11-07 18:35:35,646 - INFO - key=akk, Incorrect answer: "akk_dat"
2023-11-07 18:35:37,145 - INFO - key=akk, Incorrect answer: "akk_dat"
2023-11-07 18:36:00,916 - INFO - key=dat, Incorrect answer: "akk_dat"
2023-11-07 18:36:39,644 - INFO - key=dat, Correct answer: "dat"
2023-11-07 18:36:54,227 - INFO - key=akk_dat, Correct answer: "akk_dat"
2023-11-07 18:37:15,680 - INFO - key=akk, Correct answer: "akk"
2023-11-07 18:37:30,473 - INFO - key=dat, Correct answer: "dat"
2023-11-07 18:37:37,268 - INFO - key=akk, Correct answer: "akk"
